resnet18_alldata,1658260927.366, 0.42, 0.9584, 0.36, 0.9685
resnet18_alldata,1658260927.889, 0.46, 0.9142, 0.44, 0.966
resnet18_alldata,1658260928.415, 0.43, 0.9128, 0.34, 0.9407
resnet18_alldata,1658260928.941, 0.44, 0.8636, 0.39, 0.8573
resnet18_alldata,1658260929.459, 0.4, 0.8707, 0.38, 0.8714
resnet18_alldata,1658260929.98, 0.53, 0.8209, 0.46, 0.8165
resnet18_alldata,1658260930.502, 0.42, 0.8257, 0.45, 0.8176
resnet18_alldata,1658260931.027, 0.36, 0.8913, 0.41, 0.8295
resnet18_alldata,1658260931.549, 0.44, 0.7801, 0.38, 0.8499
resnet18_alldata,1658260932.071, 0.46, 0.8128, 0.44, 0.817
resnet18_alldata,1658260932.592, 0.44, 0.7572, 0.54, 0.7373
resnet18_alldata,1658260933.116, 0.43, 0.8054, 0.53, 0.7441
resnet18_alldata,1658260933.642, 0.46, 0.7925, 0.46, 0.761
resnet18_alldata,1658260934.164, 0.49, 0.7364, 0.53, 0.703
resnet18_alldata,1658260934.684, 0.49, 0.752, 0.44, 0.7805
resnet18_alldata,1658260935.204, 0.43, 0.8017, 0.48, 0.7072
resnet18_alldata,1658260935.724, 0.49, 0.7667, 0.57, 0.705
resnet18_alldata,1658260936.244, 0.41, 0.804, 0.48, 0.7944
resnet18_alldata,1658260936.765, 0.49, 0.7373, 0.5, 0.7356
resnet18_alldata,1658260937.289, 0.42, 0.8228, 0.56, 0.7267
resnet18_alldata,1658260937.813, 0.6, 0.6364, 0.54, 0.6794
resnet18_alldata,1658260938.336, 0.57, 0.6986, 0.5, 0.7579
resnet18_alldata,1658260938.857, 0.54, 0.6857, 0.46, 0.782
resnet18_alldata,1658260939.381, 0.43, 0.8026, 0.45, 0.7587
resnet18_alldata,1658260939.9, 0.5, 0.753, 0.46, 0.7886
resnet18_alldata,1658260940.421, 0.61, 0.6744, 0.55, 0.7054
resnet18_alldata,1658260940.95, 0.5, 0.7213, 0.55, 0.6908
resnet18_alldata,1658260941.471, 0.53, 0.732, 0.49, 0.7317
resnet18_alldata,1658260941.99, 0.5, 0.7378, 0.5, 0.75
resnet18_alldata,1658260942.514, 0.52, 0.7076, 0.6, 0.662
resnet18_alldata,1658260943.038, 0.56, 0.6922, 0.54, 0.7073
resnet18_alldata,1658260943.56, 0.61, 0.6542, 0.48, 0.7465
resnet18_alldata,1658260944.087, 0.58, 0.6982, 0.54, 0.6523
resnet18_alldata,1658260944.611, 0.61, 0.6262, 0.55, 0.7348
resnet18_alldata,1658260945.132, 0.59, 0.6885, 0.58, 0.679
resnet18_alldata,1658260945.655, 0.63, 0.6822, 0.6, 0.6568
resnet18_alldata,1658260946.176, 0.57, 0.6857, 0.6, 0.6256
resnet18_alldata,1658260946.701, 0.6, 0.6494, 0.58, 0.6537
resnet18_alldata,1658260947.221, 0.54, 0.6927, 0.55, 0.6814
resnet18_alldata,1658260947.742, 0.57, 0.7057, 0.54, 0.6859
resnet18_alldata,1658260948.267, 0.56, 0.695, 0.52, 0.7171
resnet18_alldata,1658260948.787, 0.51, 0.7032, 0.63, 0.6579
resnet18_alldata,1658260949.311, 0.58, 0.6548, 0.6, 0.6436
resnet18_alldata,1658260949.835, 0.53, 0.7123, 0.54, 0.7059
resnet18_alldata,1658260950.36, 0.59, 0.6459, 0.67, 0.6044
resnet18_alldata,1658260950.887, 0.58, 0.6592, 0.55, 0.6789
resnet18_alldata,1658260951.406, 0.62, 0.6611, 0.62, 0.6481
resnet18_alldata,1658260951.93, 0.62, 0.6674, 0.55, 0.6782
resnet18_alldata,1658260952.449, 0.58, 0.667, 0.65, 0.6145
resnet18_alldata,1658260952.969, 0.57, 0.6753, 0.61, 0.6462
resnet18_alldata,1658260953.492, 0.66, 0.6541, 0.58, 0.6601
resnet18_alldata,1658260954.013, 0.6, 0.6853, 0.71, 0.6145
resnet18_alldata,1658260954.537, 0.5, 0.7029, 0.58, 0.6745
resnet18_alldata,1658260955.058, 0.59, 0.6823, 0.65, 0.6322
resnet18_alldata,1658260955.576, 0.59, 0.6689, 0.6, 0.6756
resnet18_alldata,1658260956.102, 0.61, 0.6501, 0.61, 0.6659
resnet18_alldata,1658260956.625, 0.58, 0.664, 0.67, 0.5916
resnet18_alldata,1658260957.145, 0.64, 0.6639, 0.59, 0.6636
resnet18_alldata,1658260957.67, 0.65, 0.6078, 0.61, 0.6457
resnet18_alldata,1658260958.192, 0.6, 0.6546, 0.62, 0.6359
resnet18_alldata,1658260958.714, 0.55, 0.6856, 0.59, 0.6446
resnet18_alldata,1658260959.241, 0.67, 0.6211, 0.61, 0.644
resnet18_alldata,1658260959.763, 0.63, 0.6206, 0.64, 0.6496
resnet18_alldata,1658260960.29, 0.49, 0.6901, 0.63, 0.6231
resnet18_alldata,1658260960.81, 0.7, 0.5714, 0.66, 0.6283
resnet18_alldata,1658260961.334, 0.71, 0.5676, 0.64, 0.5989
resnet18_alldata,1658260961.854, 0.6, 0.6377, 0.61, 0.6013
resnet18_alldata,1658260962.377, 0.58, 0.6162, 0.61, 0.6462
resnet18_alldata,1658260962.901, 0.58, 0.6333, 0.64, 0.637
resnet18_alldata,1658260963.425, 0.64, 0.6006, 0.69, 0.5943
resnet18_alldata,1658260963.947, 0.67, 0.6013, 0.58, 0.6379
resnet18_alldata,1658260964.473, 0.58, 0.6255, 0.69, 0.6006
resnet18_alldata,1658260964.997, 0.68, 0.6406, 0.71, 0.5813
resnet18_alldata,1658260965.526, 0.71, 0.5977, 0.62, 0.6504
resnet18_alldata,1658260966.047, 0.65, 0.6539, 0.7, 0.5875
resnet18_alldata,1658260966.57, 0.6, 0.6091, 0.65, 0.6236
resnet18_alldata,1658260967.093, 0.65, 0.5885, 0.62, 0.5946
resnet18_alldata,1658260967.614, 0.71, 0.5686, 0.71, 0.5546
resnet18_alldata,1658260968.138, 0.63, 0.6242, 0.67, 0.5874
resnet18_alldata,1658260968.664, 0.69, 0.5713, 0.65, 0.6045
resnet18_alldata,1658260969.182, 0.67, 0.5864, 0.64, 0.6076
resnet18_alldata,1658260969.708, 0.69, 0.5905, 0.65, 0.6268
resnet18_alldata,1658260970.231, 0.67, 0.6072, 0.69, 0.5715
resnet18_alldata,1658260970.753, 0.69, 0.5268, 0.67, 0.5914
resnet18_alldata,1658260971.278, 0.65, 0.6075, 0.68, 0.5627
resnet18_alldata,1658260971.801, 0.68, 0.5889, 0.7, 0.5561
resnet18_alldata,1658260972.33, 0.61, 0.6488, 0.67, 0.5886
resnet18_alldata,1658260972.857, 0.69, 0.5854, 0.61, 0.6348
resnet18_alldata,1658260973.382, 0.66, 0.5684, 0.66, 0.6008
resnet18_alldata,1658260973.912, 0.64, 0.626, 0.65, 0.6153
resnet18_alldata,1658260974.436, 0.62, 0.6666, 0.64, 0.6229
resnet18_alldata,1658260974.963, 0.6, 0.6117, 0.66, 0.6034
resnet18_alldata,1658260975.488, 0.62, 0.5986, 0.58, 0.6352
resnet18_alldata,1658260976.014, 0.67, 0.5844, 0.69, 0.5387
resnet18_alldata,1658260976.536, 0.77, 0.535, 0.69, 0.5926
resnet18_alldata,1658260977.063, 0.67, 0.5865, 0.67, 0.5459
resnet18_alldata,1658260977.589, 0.74, 0.5229, 0.7, 0.5495
resnet18_alldata,1658260978.113, 0.64, 0.6048, 0.7, 0.5295
resnet18_alldata,1658260978.637, 0.65, 0.5874, 0.69, 0.5642
resnet18_alldata,1658260979.164, 0.7, 0.565, 0.66, 0.5962
resnet18_alldata,1658260979.69, 0.77, 0.503, 0.66, 0.593
resnet18_alldata,1658260980.218, 0.66, 0.5718, 0.73, 0.5161
resnet18_alldata,1658260980.741, 0.73, 0.5285, 0.64, 0.5972
resnet18_alldata,1658260981.267, 0.77, 0.4963, 0.76, 0.5111
resnet18_alldata,1658260981.791, 0.75, 0.5067, 0.74, 0.5497
resnet18_alldata,1658260982.316, 0.68, 0.5872, 0.68, 0.579
resnet18_alldata,1658260982.842, 0.8, 0.5045, 0.69, 0.5736
resnet18_alldata,1658260983.369, 0.71, 0.5284, 0.67, 0.5963
resnet18_alldata,1658260983.897, 0.71, 0.5446, 0.71, 0.5115
resnet18_alldata,1658260984.421, 0.66, 0.5824, 0.78, 0.4806
resnet18_alldata,1658260984.944, 0.69, 0.5888, 0.71, 0.5649
resnet18_alldata,1658260985.471, 0.8, 0.4829, 0.69, 0.5749
resnet18_alldata,1658260986.0, 0.68, 0.5342, 0.75, 0.5114
resnet18_alldata,1658260986.528, 0.74, 0.528, 0.79, 0.5428
resnet18_alldata,1658260987.052, 0.68, 0.5468, 0.71, 0.5405
resnet18_alldata,1658260987.575, 0.7, 0.5901, 0.72, 0.5528
resnet18_alldata,1658260988.103, 0.72, 0.523, 0.69, 0.5606
resnet18_alldata,1658260988.629, 0.67, 0.5891, 0.77, 0.5173
resnet18_alldata,1658260989.155, 0.72, 0.5144, 0.69, 0.5888
resnet18_alldata,1658260989.683, 0.76, 0.5162, 0.72, 0.581
resnet18_alldata,1658260990.205, 0.75, 0.5337, 0.75, 0.5008
resnet18_alldata,1658260990.733, 0.74, 0.5716, 0.76, 0.5096
resnet18_alldata,1658260991.257, 0.65, 0.5616, 0.74, 0.5452
resnet18_alldata,1658260991.784, 0.68, 0.5349, 0.68, 0.5791
resnet18_alldata,1658260992.307, 0.7, 0.5373, 0.71, 0.5421
resnet18_alldata,1658260992.835, 0.65, 0.5922, 0.74, 0.55
resnet18_alldata,1658260993.358, 0.73, 0.5195, 0.73, 0.5031
resnet18_alldata,1658260993.884, 0.69, 0.5959, 0.79, 0.5187
resnet18_alldata,1658260994.408, 0.71, 0.5423, 0.76, 0.4933
resnet18_alldata,1658260994.937, 0.79, 0.5028, 0.76, 0.4945
resnet18_alldata,1658260995.464, 0.78, 0.5132, 0.77, 0.5141
resnet18_alldata,1658260995.991, 0.71, 0.5542, 0.71, 0.5541
resnet18_alldata,1658260996.518, 0.72, 0.5088, 0.75, 0.5033
resnet18_alldata,1658260997.043, 0.71, 0.5527, 0.75, 0.5379
resnet18_alldata,1658260997.573, 0.75, 0.5121, 0.68, 0.5579
resnet18_alldata,1658260998.099, 0.71, 0.5526, 0.81, 0.4748
resnet18_alldata,1658260998.624, 0.73, 0.5279, 0.78, 0.5215
resnet18_alldata,1658260999.151, 0.76, 0.4848, 0.72, 0.526
resnet18_alldata,1658260999.677, 0.81, 0.445, 0.77, 0.5048
resnet18_alldata,1658261000.206, 0.71, 0.549, 0.75, 0.5381
resnet18_alldata,1658261000.732, 0.82, 0.4973, 0.81, 0.4848
resnet18_alldata,1658261001.263, 0.8, 0.4773, 0.72, 0.5118
resnet18_alldata,1658261001.791, 0.72, 0.5734, 0.69, 0.5545
resnet18_alldata,1658261002.322, 0.72, 0.5169, 0.73, 0.5223
resnet18_alldata,1658261002.849, 0.75, 0.5094, 0.73, 0.5347
resnet18_alldata,1658261003.378, 0.62, 0.6023, 0.69, 0.5416
resnet18_alldata,1658261003.909, 0.69, 0.5964, 0.77, 0.5093
resnet18_alldata,1658261004.441, 0.76, 0.5145, 0.68, 0.5648
resnet18_alldata,1658261004.966, 0.73, 0.533, 0.68, 0.5244
resnet18_alldata,1658261005.496, 0.77, 0.5129, 0.75, 0.5123
resnet18_alldata,1658261006.025, 0.75, 0.5206, 0.75, 0.509
resnet18_alldata,1658261006.551, 0.73, 0.516, 0.83, 0.4594
resnet18_alldata,1658261007.079, 0.73, 0.5438, 0.78, 0.4672
resnet18_alldata,1658261007.611, 0.72, 0.511, 0.76, 0.4955
resnet18_alldata,1658261008.139, 0.72, 0.5458, 0.79, 0.4865
resnet18_alldata,1658261008.666, 0.81, 0.478, 0.74, 0.4945
resnet18_alldata,1658261009.201, 0.71, 0.5204, 0.74, 0.5193
resnet18_alldata,1658261009.73, 0.82, 0.4675, 0.75, 0.5263
resnet18_alldata,1658261010.261, 0.81, 0.429, 0.8, 0.459
resnet18_alldata,1658261010.79, 0.77, 0.4859, 0.75, 0.5123
resnet18_alldata,1658261011.318, 0.75, 0.5223, 0.76, 0.5065
resnet18_alldata,1658261011.85, 0.79, 0.4494, 0.83, 0.4322
resnet18_alldata,1658261012.38, 0.72, 0.5517, 0.78, 0.5051
resnet18_alldata,1658261012.905, 0.79, 0.4644, 0.69, 0.54
resnet18_alldata,1658261013.433, 0.8, 0.4696, 0.74, 0.5234
resnet18_alldata,1658261013.969, 0.79, 0.4694, 0.74, 0.5423
resnet18_alldata,1658261014.503, 0.85, 0.4127, 0.77, 0.5301
resnet18_alldata,1658261015.035, 0.76, 0.4978, 0.73, 0.5073
resnet18_alldata,1658261015.567, 0.8, 0.4877, 0.85, 0.4242
resnet18_alldata,1658261016.102, 0.79, 0.4567, 0.75, 0.5164
resnet18_alldata,1658261016.635, 0.9, 0.3932, 0.82, 0.4595
resnet18_alldata,1658261017.17, 0.75, 0.4818, 0.75, 0.4736
resnet18_alldata,1658261017.701, 0.74, 0.5177, 0.71, 0.5224
resnet18_alldata,1658261018.234, 0.75, 0.5318, 0.79, 0.5244
resnet18_alldata,1658261018.767, 0.75, 0.5067, 0.76, 0.5118
resnet18_alldata,1658261019.299, 0.78, 0.4884, 0.72, 0.5063
resnet18_alldata,1658261019.831, 0.73, 0.4886, 0.74, 0.5028
resnet18_alldata,1658261020.368, 0.82, 0.4662, 0.77, 0.4576
resnet18_alldata,1658261020.899, 0.85, 0.4352, 0.86, 0.4766
resnet18_alldata,1658261021.435, 0.77, 0.4942, 0.82, 0.4276
resnet18_alldata,1658261021.969, 0.87, 0.4063, 0.7, 0.5428
resnet18_alldata,1658261022.506, 0.73, 0.4918, 0.82, 0.4662
resnet18_alldata,1658261023.04, 0.82, 0.4644, 0.78, 0.4751
resnet18_alldata,1658261023.573, 0.83, 0.416, 0.77, 0.4736
resnet18_alldata,1658261024.103, 0.74, 0.5244, 0.77, 0.4905
resnet18_alldata,1658261024.643, 0.83, 0.4259, 0.82, 0.4743
resnet18_alldata,1658261025.181, 0.82, 0.4225, 0.79, 0.5213
resnet18_alldata,1658261025.714, 0.78, 0.4825, 0.82, 0.458
resnet18_alldata,1658261026.253, 0.79, 0.5068, 0.76, 0.4728
resnet18_alldata,1658261026.789, 0.8, 0.4883, 0.81, 0.4398
resnet18_alldata,1658261027.333, 0.78, 0.4658, 0.72, 0.5242
resnet18_alldata,1658261027.872, 0.81, 0.4675, 0.81, 0.4644
resnet18_alldata,1658261028.407, 0.8, 0.4798, 0.81, 0.4287
resnet18_alldata,1658261028.944, 0.75, 0.5204, 0.73, 0.5064
resnet18_alldata,1658261029.482, 0.69, 0.5116, 0.78, 0.4433
resnet18_alldata,1658261030.02, 0.74, 0.524, 0.85, 0.4566
resnet18_alldata,1658261030.556, 0.76, 0.5219, 0.8, 0.4996
resnet18_alldata,1658261031.076, 0.76, 0.5231, 0.79, 0.453
resnet18_alldata,1658261031.625, 0.83, 0.486, 0.81, 0.4706
resnet18_alldata,1658261032.174, 0.71, 0.532, 0.83, 0.475
resnet18_alldata,1658261032.721, 0.82, 0.4789, 0.79, 0.48
resnet18_alldata,1658261033.261, 0.79, 0.4432, 0.83, 0.4771
resnet18_alldata,1658261033.806, 0.82, 0.5026, 0.76, 0.4719
resnet18_alldata,1658261034.345, 0.85, 0.4177, 0.79, 0.453
resnet18_alldata,1658261034.902, 0.78, 0.5079, 0.8, 0.4846
resnet18_alldata,1658261035.446, 0.72, 0.5201, 0.84, 0.4588
resnet18_alldata,1658261035.994, 0.79, 0.4454, 0.77, 0.4368
resnet18_alldata,1658261036.537, 0.76, 0.4956, 0.8, 0.4884
resnet18_alldata,1658261037.085, 0.87, 0.4605, 0.83, 0.4069
resnet18_alldata,1658261037.632, 0.78, 0.4958, 0.82, 0.4689
resnet18_alldata,1658261038.178, 0.77, 0.4917, 0.74, 0.5034
resnet18_alldata,1658261038.73, 0.82, 0.4353, 0.87, 0.3842
resnet18_alldata,1658261039.278, 0.82, 0.4554, 0.79, 0.5074
resnet18_alldata,1658261039.826, 0.76, 0.5058, 0.81, 0.4193
resnet18_alldata,1658261040.379, 0.8, 0.4932, 0.79, 0.4318
resnet18_alldata,1658261040.924, 0.81, 0.4771, 0.84, 0.4338
resnet18_alldata,1658261041.472, 0.81, 0.4298, 0.81, 0.4226
resnet18_alldata,1658261042.016, 0.74, 0.4943, 0.8, 0.4439
resnet18_alldata,1658261042.571, 0.82, 0.3932, 0.87, 0.4392
resnet18_alldata,1658261043.115, 0.79, 0.472, 0.79, 0.4958
resnet18_alldata,1658261043.664, 0.77, 0.4625, 0.83, 0.4259
resnet18_alldata,1658261044.211, 0.72, 0.5084, 0.84, 0.4178
resnet18_alldata,1658261044.764, 0.81, 0.481, 0.8, 0.4654
resnet18_alldata,1658261045.312, 0.87, 0.3888, 0.81, 0.4104
resnet18_alldata,1658261045.858, 0.77, 0.5174, 0.8, 0.4383
resnet18_alldata,1658261046.409, 0.76, 0.4803, 0.74, 0.4749
resnet18_alldata,1658261046.954, 0.84, 0.3959, 0.82, 0.4731
resnet18_alldata,1658261047.508, 0.78, 0.4486, 0.81, 0.4676
resnet18_alldata,1658261048.056, 0.81, 0.4754, 0.78, 0.4603
resnet18_alldata,1658261048.606, 0.79, 0.4324, 0.8, 0.4998
resnet18_alldata,1658261049.15, 0.79, 0.4837, 0.78, 0.4308
resnet18_alldata,1658261049.689, 0.84, 0.4376, 0.87, 0.418
resnet18_alldata,1658261050.234, 0.84, 0.4267, 0.74, 0.472
resnet18_alldata,1658261050.781, 0.75, 0.4679, 0.83, 0.4627
resnet18_alldata,1658261051.323, 0.79, 0.4499, 0.76, 0.4897
resnet18_alldata,1658261051.868, 0.84, 0.3908, 0.77, 0.4584
resnet18_alldata,1658261052.416, 0.79, 0.4776, 0.86, 0.4393
resnet18_alldata,1658261052.967, 0.74, 0.5134, 0.86, 0.4387
resnet18_alldata,1658261053.513, 0.75, 0.5047, 0.8, 0.4659
resnet18_alldata,1658261054.057, 0.75, 0.5223, 0.79, 0.4732
resnet18_alldata,1658261054.606, 0.81, 0.4383, 0.78, 0.4954
resnet18_alldata,1658261055.155, 0.8, 0.4372, 0.83, 0.4257
resnet18_alldata,1658261055.703, 0.85, 0.401, 0.85, 0.3859
resnet18_alldata,1658261056.249, 0.84, 0.4096, 0.8, 0.4642
resnet18_alldata,1658261056.786, 0.81, 0.4436, 0.81, 0.4574
resnet18_alldata,1658261057.33, 0.83, 0.406, 0.82, 0.4555
resnet18_alldata,1658261057.871, 0.83, 0.4368, 0.8, 0.4586
resnet18_alldata,1658261058.424, 0.84, 0.462, 0.83, 0.4698
resnet18_alldata,1658261058.976, 0.86, 0.456, 0.83, 0.4053
resnet18_alldata,1658261059.52, 0.78, 0.4778, 0.82, 0.4063
resnet18_alldata,1658261060.064, 0.7, 0.5116, 0.83, 0.4397
resnet18_alldata,1658261060.61, 0.78, 0.4887, 0.8, 0.45
resnet18_alldata,1658261061.16, 0.78, 0.4507, 0.77, 0.4731
resnet18_alldata,1658261061.704, 0.79, 0.4966, 0.76, 0.4738
resnet18_alldata,1658261062.245, 0.78, 0.4806, 0.81, 0.4497
resnet18_alldata,1658261062.786, 0.82, 0.4163, 0.83, 0.4133
resnet18_alldata,1658261063.325, 0.84, 0.4206, 0.83, 0.4395
resnet18_alldata,1658261063.869, 0.76, 0.4403, 0.8, 0.4623
resnet18_alldata,1658261064.412, 0.77, 0.4663, 0.83, 0.4017
resnet18_alldata,1658261064.963, 0.86, 0.4573, 0.81, 0.4384
resnet18_alldata,1658261065.514, 0.82, 0.4359, 0.83, 0.4014
resnet18_alldata,1658261066.057, 0.81, 0.4664, 0.85, 0.443
resnet18_alldata,1658261066.61, 0.87, 0.3812, 0.82, 0.4287
resnet18_alldata,1658261067.155, 0.79, 0.4406, 0.82, 0.4452
resnet18_alldata,1658261067.696, 0.81, 0.4164, 0.75, 0.4781
resnet18_alldata,1658261068.24, 0.86, 0.4055, 0.83, 0.4604
resnet18_alldata,1658261068.783, 0.79, 0.4748, 0.83, 0.4244
resnet18_alldata,1658261069.332, 0.81, 0.4325, 0.84, 0.3921
resnet18_alldata,1658261069.881, 0.84, 0.404, 0.83, 0.4491
resnet18_alldata,1658261070.425, 0.8, 0.468, 0.85, 0.401
resnet18_alldata,1658261070.973, 0.85, 0.4651, 0.87, 0.372
resnet18_alldata,1658261071.521, 0.82, 0.4127, 0.81, 0.4363
resnet18_alldata,1658261072.068, 0.79, 0.4651, 0.78, 0.4072
resnet18_alldata,1658261072.61, 0.88, 0.4168, 0.84, 0.4286
resnet18_alldata,1658261073.16, 0.83, 0.4231, 0.78, 0.4585
resnet18_alldata,1658261073.705, 0.83, 0.4017, 0.82, 0.4484
resnet18_alldata,1658261074.252, 0.81, 0.4377, 0.79, 0.4512
resnet18_alldata,1658261074.804, 0.84, 0.4004, 0.83, 0.4361
resnet18_alldata,1658261075.347, 0.8, 0.442, 0.82, 0.3715
resnet18_alldata,1658261075.906, 0.82, 0.4445, 0.81, 0.3977
resnet18_alldata,1658261076.469, 0.82, 0.4512, 0.9, 0.3888
resnet18_alldata,1658261077.039, 0.86, 0.378, 0.87, 0.37
resnet18_alldata,1658261077.611, 0.8, 0.4445, 0.83, 0.3928
resnet18_alldata,1658261078.187, 0.81, 0.4306, 0.88, 0.3764
resnet18_alldata,1658261078.757, 0.72, 0.4893, 0.84, 0.4341
resnet18_alldata,1658261079.339, 0.87, 0.4213, 0.74, 0.4995
resnet18_alldata,1658261079.907, 0.81, 0.4445, 0.84, 0.3931
resnet18_alldata,1658261080.49, 0.78, 0.4751, 0.85, 0.4276
resnet18_alldata,1658261081.058, 0.78, 0.4913, 0.87, 0.3888
resnet18_alldata,1658261081.612, 0.8, 0.4496, 0.82, 0.4342
resnet18_alldata,1658261082.169, 0.84, 0.4248, 0.78, 0.4056
resnet18_alldata,1658261082.716, 0.79, 0.4354, 0.88, 0.3608
resnet18_alldata,1658261083.259, 0.81, 0.4195, 0.8, 0.4791
resnet18_alldata,1658261083.804, 0.8, 0.4513, 0.82, 0.419
resnet18_alldata,1658261084.347, 0.86, 0.394, 0.86, 0.3692
resnet18_alldata,1658261084.895, 0.78, 0.4546, 0.82, 0.4519
resnet18_alldata,1658261085.434, 0.82, 0.4331, 0.91, 0.332
resnet18_alldata,1658261085.985, 0.87, 0.4163, 0.78, 0.4562
resnet18_alldata,1658261086.53, 0.86, 0.3595, 0.87, 0.3717
resnet18_alldata,1658261087.083, 0.85, 0.4067, 0.85, 0.4193
resnet18_alldata,1658261087.631, 0.82, 0.4128, 0.85, 0.4227
resnet18_alldata,1658261088.178, 0.88, 0.3611, 0.83, 0.437
resnet18_alldata,1658261088.724, 0.88, 0.3662, 0.86, 0.3682
resnet18_alldata,1658261089.272, 0.79, 0.4329, 0.84, 0.4251
resnet18_alldata,1658261089.816, 0.88, 0.3786, 0.86, 0.4113
resnet18_alldata,1658261090.359, 0.85, 0.3923, 0.8, 0.4224
resnet18_alldata,1658261090.902, 0.81, 0.4526, 0.85, 0.4206
resnet18_alldata,1658261091.459, 0.77, 0.46, 0.78, 0.4404
resnet18_alldata,1658261092.007, 0.82, 0.4509, 0.85, 0.4056
resnet18_alldata,1658261092.555, 0.88, 0.3574, 0.86, 0.3982
resnet18_alldata,1658261093.101, 0.89, 0.384, 0.88, 0.3753
resnet18_alldata,1658261093.655, 0.89, 0.3753, 0.8, 0.4677
resnet18_alldata,1658261094.201, 0.85, 0.3933, 0.79, 0.429
resnet18_alldata,1658261094.747, 0.81, 0.4779, 0.86, 0.3905
resnet18_alldata,1658261095.294, 0.85, 0.3969, 0.87, 0.3866
resnet18_alldata,1658261095.841, 0.8, 0.4761, 0.82, 0.4122
resnet18_alldata,1658261096.382, 0.84, 0.3897, 0.84, 0.4093
resnet18_alldata,1658261096.927, 0.89, 0.3771, 0.91, 0.3749
resnet18_alldata,1658261097.471, 0.87, 0.4017, 0.84, 0.4271
resnet18_alldata,1658261098.025, 0.81, 0.4454, 0.83, 0.4433
resnet18_alldata,1658261098.57, 0.86, 0.4135, 0.83, 0.3995
resnet18_alldata,1658261099.117, 0.79, 0.407, 0.81, 0.4178
resnet18_alldata,1658261099.67, 0.88, 0.3978, 0.82, 0.4513
resnet18_alldata,1658261100.216, 0.79, 0.4522, 0.84, 0.4313
resnet18_alldata,1658261100.761, 0.82, 0.3885, 0.86, 0.3976
resnet18_alldata,1658261101.304, 0.79, 0.4603, 0.86, 0.4409
resnet18_alldata,1658261101.856, 0.86, 0.4174, 0.87, 0.3849
resnet18_alldata,1658261102.401, 0.86, 0.3832, 0.89, 0.3472
resnet18_alldata,1658261102.947, 0.83, 0.3781, 0.83, 0.434
resnet18_alldata,1658261103.491, 0.84, 0.4274, 0.86, 0.4214
resnet18_alldata,1658261104.04, 0.83, 0.4189, 0.87, 0.4104
resnet18_alldata,1658261104.584, 0.81, 0.4293, 0.87, 0.3841
resnet18_alldata,1658261105.123, 0.83, 0.3931, 0.81, 0.4186
resnet18_alldata,1658261105.672, 0.81, 0.4508, 0.8, 0.4633
resnet18_alldata,1658261106.232, 0.81, 0.4287, 0.83, 0.3638
resnet18_alldata,1658261106.787, 0.84, 0.3798, 0.85, 0.3953
resnet18_alldata,1658261107.331, 0.89, 0.3362, 0.78, 0.4207
resnet18_alldata,1658261107.874, 0.84, 0.4243, 0.82, 0.4685
resnet18_alldata,1658261108.428, 0.87, 0.3717, 0.83, 0.431
resnet18_alldata,1658261108.972, 0.87, 0.3577, 0.83, 0.4056
resnet18_alldata,1658261109.515, 0.79, 0.4787, 0.83, 0.3953
resnet18_alldata,1658261110.057, 0.86, 0.3789, 0.92, 0.3497
resnet18_alldata,1658261110.6, 0.86, 0.3863, 0.75, 0.4685
resnet18_alldata,1658261111.147, 0.8, 0.4898, 0.86, 0.4165
resnet18_alldata,1658261111.692, 0.79, 0.494, 0.86, 0.4093
resnet18_alldata,1658261112.239, 0.87, 0.4008, 0.85, 0.3885
resnet18_alldata,1658261112.784, 0.84, 0.4345, 0.84, 0.446
resnet18_alldata,1658261113.329, 0.82, 0.3998, 0.78, 0.4577
resnet18_alldata,1658261113.875, 0.87, 0.3961, 0.84, 0.3996
resnet18_alldata,1658261114.423, 0.81, 0.4275, 0.83, 0.4578
resnet18_alldata,1658261114.968, 0.84, 0.4384, 0.83, 0.425
resnet18_alldata,1658261115.512, 0.84, 0.4074, 0.83, 0.4207
resnet18_alldata,1658261116.055, 0.83, 0.4074, 0.86, 0.4059
resnet18_alldata,1658261116.603, 0.86, 0.3799, 0.83, 0.4312
resnet18_alldata,1658261117.143, 0.8, 0.4084, 0.84, 0.4195
resnet18_alldata,1658261117.686, 0.92, 0.3388, 0.91, 0.3338
resnet18_alldata,1658261118.232, 0.89, 0.3256, 0.78, 0.4431
resnet18_alldata,1658261118.775, 0.81, 0.4099, 0.85, 0.4087
resnet18_alldata,1658261119.32, 0.82, 0.4273, 0.85, 0.3866
resnet18_alldata,1658261119.865, 0.89, 0.3468, 0.87, 0.3567
resnet18_alldata,1658261120.416, 0.77, 0.4519, 0.92, 0.3396
resnet18_alldata,1658261120.962, 0.84, 0.3715, 0.81, 0.44
resnet18_alldata,1658261121.516, 0.88, 0.3706, 0.85, 0.4406
resnet18_alldata,1658261122.06, 0.86, 0.3665, 0.84, 0.3778
resnet18_alldata,1658261122.606, 0.91, 0.3211, 0.88, 0.3431
resnet18_alldata,1658261123.153, 0.84, 0.3891, 0.85, 0.3997
resnet18_alldata,1658261123.698, 0.89, 0.3739, 0.88, 0.3511
resnet18_alldata,1658261124.245, 0.85, 0.3419, 0.84, 0.4115
resnet18_alldata,1658261124.793, 0.95, 0.3021, 0.84, 0.4082
resnet18_alldata,1658261125.344, 0.89, 0.3728, 0.85, 0.4047
resnet18_alldata,1658261125.894, 0.84, 0.4236, 0.89, 0.3275
resnet18_alldata,1658261126.445, 0.83, 0.4357, 0.86, 0.3875
resnet18_alldata,1658261126.997, 0.79, 0.426, 0.86, 0.3794
resnet18_alldata,1658261127.544, 0.85, 0.3851, 0.85, 0.4078
resnet18_alldata,1658261128.09, 0.82, 0.3993, 0.87, 0.4023
resnet18_alldata,1658261128.633, 0.88, 0.3616, 0.88, 0.3398
resnet18_alldata,1658261129.18, 0.88, 0.3493, 0.88, 0.3393
resnet18_alldata,1658261129.727, 0.83, 0.4071, 0.81, 0.411
resnet18_alldata,1658261130.272, 0.92, 0.292, 0.81, 0.422
resnet18_alldata,1658261130.819, 0.87, 0.3769, 0.82, 0.4136
resnet18_alldata,1658261131.365, 0.84, 0.3656, 0.84, 0.4059
resnet18_alldata,1658261131.91, 0.9, 0.3211, 0.92, 0.337
resnet18_alldata,1658261132.45, 0.8, 0.4335, 0.88, 0.391
resnet18_alldata,1658261132.996, 0.88, 0.3318, 0.84, 0.4109
resnet18_alldata,1658261133.535, 0.91, 0.3152, 0.87, 0.3825
resnet18_alldata,1658261134.077, 0.83, 0.3772, 0.86, 0.3488
resnet18_alldata,1658261134.625, 0.84, 0.4072, 0.84, 0.4127
resnet18_alldata,1658261135.176, 0.84, 0.4007, 0.84, 0.3893
resnet18_alldata,1658261135.728, 0.83, 0.3882, 0.83, 0.405
resnet18_alldata,1658261136.275, 0.89, 0.3633, 0.9, 0.3138
resnet18_alldata,1658261136.83, 0.85, 0.3779, 0.82, 0.4071
resnet18_alldata,1658261137.376, 0.83, 0.4264, 0.87, 0.3615
resnet18_alldata,1658261137.928, 0.84, 0.41, 0.86, 0.3886
resnet18_alldata,1658261138.477, 0.83, 0.431, 0.84, 0.432
resnet18_alldata,1658261139.024, 0.79, 0.4555, 0.82, 0.4129
resnet18_alldata,1658261139.562, 0.86, 0.4415, 0.81, 0.4151
resnet18_alldata,1658261140.12, 0.88, 0.396, 0.88, 0.3524
resnet18_alldata,1658261140.673, 0.82, 0.4477, 0.85, 0.3875
resnet18_alldata,1658261141.218, 0.83, 0.3958, 0.83, 0.4425
resnet18_alldata,1658261141.762, 0.89, 0.3568, 0.84, 0.4242
resnet18_alldata,1658261142.307, 0.84, 0.4315, 0.84, 0.4382
resnet18_alldata,1658261142.853, 0.91, 0.3201, 0.84, 0.4159
resnet18_alldata,1658261143.403, 0.82, 0.4285, 0.85, 0.3948
resnet18_alldata,1658261143.948, 0.82, 0.4177, 0.88, 0.344
resnet18_alldata,1658261144.485, 0.86, 0.3753, 0.83, 0.4222
resnet18_alldata,1658261145.033, 0.83, 0.4059, 0.84, 0.3876
resnet18_alldata,1658261145.571, 0.87, 0.4089, 0.85, 0.3904
resnet18_alldata,1658261146.115, 0.84, 0.4133, 0.92, 0.3267
resnet18_alldata,1658261146.66, 0.83, 0.4005, 0.82, 0.4229
resnet18_alldata,1658261147.206, 0.88, 0.3531, 0.87, 0.3405
resnet18_alldata,1658261147.75, 0.87, 0.3811, 0.88, 0.3686
resnet18_alldata,1658261148.293, 0.82, 0.4179, 0.8, 0.445
resnet18_alldata,1658261148.838, 0.82, 0.4253, 0.83, 0.4286
resnet18_alldata,1658261149.381, 0.89, 0.3851, 0.89, 0.3427
resnet18_alldata,1658261149.922, 0.86, 0.3606, 0.82, 0.4217
resnet18_alldata,1658261150.469, 0.8, 0.4043, 0.83, 0.4387
resnet18_alldata,1658261151.02, 0.85, 0.3507, 0.79, 0.4485
resnet18_alldata,1658261151.561, 0.84, 0.3975, 0.9, 0.3246
resnet18_alldata,1658261152.107, 0.83, 0.4054, 0.86, 0.3945
resnet18_alldata,1658261152.648, 0.8, 0.4234, 0.86, 0.3424
resnet18_alldata,1658261153.19, 0.88, 0.3966, 0.85, 0.3974
resnet18_alldata,1658261153.731, 0.95, 0.3119, 0.87, 0.3486
resnet18_alldata,1658261154.274, 0.79, 0.4636, 0.86, 0.3896
resnet18_alldata,1658261154.819, 0.81, 0.4035, 0.85, 0.3759
resnet18_alldata,1658261155.363, 0.9, 0.3024, 0.84, 0.3765
resnet18_alldata,1658261155.907, 0.83, 0.3752, 0.82, 0.4154
resnet18_alldata,1658261156.444, 0.83, 0.4081, 0.92, 0.2896
resnet18_alldata,1658261156.986, 0.85, 0.3652, 0.86, 0.3871
resnet18_alldata,1658261157.525, 0.88, 0.4154, 0.87, 0.3544
resnet18_alldata,1658261158.067, 0.86, 0.388, 0.84, 0.426
resnet18_alldata,1658261158.614, 0.87, 0.3548, 0.86, 0.3466
resnet18_alldata,1658261159.156, 0.81, 0.3916, 0.85, 0.3699
resnet18_alldata,1658261159.699, 0.85, 0.3682, 0.9, 0.3192
resnet18_alldata,1658261160.242, 0.89, 0.3286, 0.84, 0.4354
resnet18_alldata,1658261160.787, 0.84, 0.4098, 0.83, 0.4239
resnet18_alldata,1658261161.336, 0.78, 0.4436, 0.85, 0.4305
resnet18_alldata,1658261161.883, 0.79, 0.452, 0.89, 0.3426
resnet18_alldata,1658261162.428, 0.8, 0.4487, 0.82, 0.434
resnet18_alldata,1658261162.97, 0.87, 0.3805, 0.8, 0.3966
resnet18_alldata,1658261163.514, 0.88, 0.3536, 0.91, 0.3271
resnet18_alldata,1658261164.059, 0.91, 0.3337, 0.86, 0.3921
resnet18_alldata,1658261164.602, 0.91, 0.3348, 0.9, 0.3334
resnet18_alldata,1658261165.143, 0.89, 0.3684, 0.86, 0.3811
resnet18_alldata,1658261165.687, 0.88, 0.3265, 0.93, 0.3127
resnet18_alldata,1658261166.237, 0.89, 0.3532, 0.88, 0.3665
resnet18_alldata,1658261166.789, 0.86, 0.3888, 0.86, 0.3586
resnet18_alldata,1658261167.335, 0.88, 0.3873, 0.84, 0.3855
resnet18_alldata,1658261167.879, 0.83, 0.4009, 0.88, 0.3475
resnet18_alldata,1658261168.427, 0.76, 0.4534, 0.89, 0.3375
resnet18_alldata,1658261168.965, 0.8, 0.4282, 0.9, 0.323
resnet18_alldata,1658261169.511, 0.85, 0.3778, 0.86, 0.3531
resnet18_alldata,1658261170.049, 0.83, 0.4478, 0.88, 0.3692
resnet18_alldata,1658261170.597, 0.82, 0.4255, 0.85, 0.365
resnet18_alldata,1658261171.142, 0.84, 0.3362, 0.88, 0.3802
resnet18_alldata,1658261171.689, 0.87, 0.3556, 0.85, 0.4144
resnet18_alldata,1658261172.236, 0.86, 0.3734, 0.83, 0.4053
resnet18_alldata,1658261172.777, 0.85, 0.3875, 0.86, 0.3982
resnet18_alldata,1658261173.322, 0.85, 0.4069, 0.92, 0.3144
resnet18_alldata,1658261173.876, 0.84, 0.3773, 0.91, 0.3259
resnet18_alldata,1658261174.444, 0.86, 0.3898, 0.88, 0.3714
resnet18_alldata,1658261175.014, 0.89, 0.3194, 0.84, 0.3768
resnet18_alldata,1658261175.571, 0.82, 0.3927, 0.84, 0.4064
resnet18_alldata,1658261176.131, 0.81, 0.3465, 0.89, 0.3313
resnet18_alldata,1658261176.69, 0.88, 0.3305, 0.82, 0.402
resnet18_alldata,1658261177.248, 0.81, 0.4166, 0.88, 0.3556
resnet18_alldata,1658261177.81, 0.83, 0.3689, 0.8, 0.4248
resnet18_alldata,1658261178.376, 0.89, 0.3373, 0.82, 0.4219
resnet18_alldata,1658261178.944, 0.85, 0.4121, 0.89, 0.3185
resnet18_alldata,1658261179.505, 0.87, 0.4026, 0.85, 0.3975
resnet18_alldata,1658261180.074, 0.86, 0.3489, 0.82, 0.3799
resnet18_alldata,1658261180.648, 0.82, 0.3985, 0.84, 0.3731
resnet18_alldata,1658261181.218, 0.92, 0.3414, 0.85, 0.3735
resnet18_alldata,1658261181.788, 0.84, 0.3676, 0.85, 0.4036
resnet18_alldata,1658261182.363, 0.85, 0.3402, 0.88, 0.3461
resnet18_alldata,1658261182.939, 0.87, 0.3675, 0.89, 0.335
resnet18_alldata,1658261183.509, 0.91, 0.3382, 0.88, 0.3438
resnet18_alldata,1658261184.083, 0.85, 0.3852, 0.81, 0.4292
resnet18_alldata,1658261184.645, 0.84, 0.3925, 0.88, 0.3793
resnet18_alldata,1658261185.215, 0.86, 0.3894, 0.9, 0.3084
resnet18_alldata,1658261185.796, 0.87, 0.3296, 0.88, 0.3788
resnet18_alldata,1658261186.363, 0.84, 0.381, 0.85, 0.3944
resnet18_alldata,1658261186.931, 0.89, 0.3676, 0.84, 0.4013
resnet18_alldata,1658261187.51, 0.79, 0.4358, 0.81, 0.3979
resnet18_alldata,1658261188.087, 0.89, 0.3586, 0.85, 0.3872
resnet18_alldata,1658261188.663, 0.84, 0.3956, 0.9, 0.3034
resnet18_alldata,1658261189.22, 0.81, 0.4137, 0.9, 0.3068
resnet18_alldata,1658261189.767, 0.78, 0.4281, 0.9, 0.3221
resnet18_alldata,1658261190.311, 0.83, 0.3875, 0.85, 0.3777
resnet18_alldata,1658261190.853, 0.87, 0.3558, 0.9, 0.3244
resnet18_alldata,1658261191.402, 0.81, 0.3773, 0.82, 0.4209
resnet18_alldata,1658261191.944, 0.84, 0.3805, 0.91, 0.3045
resnet18_alldata,1658261192.483, 0.83, 0.3987, 0.89, 0.3225
resnet18_alldata,1658261193.024, 0.88, 0.3478, 0.86, 0.3608
resnet18_alldata,1658261193.565, 0.84, 0.4004, 0.85, 0.3864
resnet18_alldata,1658261194.107, 0.87, 0.3727, 0.9, 0.317
resnet18_alldata,1658261194.649, 0.86, 0.3578, 0.88, 0.3357
resnet18_alldata,1658261195.19, 0.89, 0.308, 0.87, 0.3434
resnet18_alldata,1658261195.736, 0.89, 0.348, 0.86, 0.3768
resnet18_alldata,1658261196.277, 0.84, 0.3748, 0.89, 0.3173
resnet18_alldata,1658261196.824, 0.88, 0.3133, 0.87, 0.39
resnet18_alldata,1658261197.373, 0.91, 0.3116, 0.81, 0.4036
resnet18_alldata,1658261197.917, 0.84, 0.3682, 0.88, 0.3741
resnet18_alldata,1658261198.462, 0.91, 0.3338, 0.87, 0.3539
resnet18_alldata,1658261199.008, 0.85, 0.3423, 0.84, 0.3837
resnet18_alldata,1658261199.559, 0.85, 0.4207, 0.88, 0.3441
resnet18_alldata,1658261200.105, 0.8, 0.4084, 0.89, 0.3464
resnet18_alldata,1658261200.641, 0.82, 0.3957, 0.83, 0.4199
resnet18_alldata,1658261201.185, 0.91, 0.3132, 0.88, 0.346
resnet18_alldata,1658261201.726, 0.89, 0.3271, 0.87, 0.4198
resnet18_alldata,1658261202.266, 0.92, 0.3187, 0.86, 0.3395
resnet18_alldata,1658261202.809, 0.89, 0.3261, 0.95, 0.2759
resnet18_alldata,1658261203.354, 0.83, 0.431, 0.86, 0.3832
resnet18_alldata,1658261203.904, 0.85, 0.3474, 0.83, 0.3855
resnet18_alldata,1658261204.449, 0.8, 0.4356, 0.87, 0.3527
resnet18_alldata,1658261204.993, 0.88, 0.3386, 0.86, 0.3838
resnet18_alldata,1658261205.541, 0.93, 0.3221, 0.85, 0.4117
resnet18_alldata,1658261206.089, 0.89, 0.354, 0.9, 0.3219
resnet18_alldata,1658261206.635, 0.86, 0.3915, 0.86, 0.3315
resnet18_alldata,1658261207.175, 0.89, 0.3515, 0.95, 0.2743
resnet18_alldata,1658261207.737, 0.84, 0.3532, 0.85, 0.3926
resnet18_alldata,1658261208.308, 0.91, 0.3411, 0.87, 0.3801
resnet18_alldata,1658261208.889, 0.83, 0.39, 0.89, 0.3269
resnet18_alldata,1658261209.476, 0.87, 0.3359, 0.85, 0.4189
resnet18_alldata,1658261210.039, 0.82, 0.4039, 0.88, 0.3774
resnet18_alldata,1658261210.592, 0.9, 0.3658, 0.88, 0.3435
resnet18_alldata,1658261211.141, 0.86, 0.3465, 0.86, 0.37
resnet18_alldata,1658261211.681, 0.87, 0.3214, 0.85, 0.4096
resnet18_alldata,1658261212.227, 0.84, 0.3709, 0.91, 0.3175
resnet18_alldata,1658261212.77, 0.83, 0.3884, 0.87, 0.387
resnet18_alldata,1658261213.326, 0.84, 0.3779, 0.88, 0.3749
resnet18_alldata,1658261213.889, 0.87, 0.3417, 0.91, 0.3168
resnet18_alldata,1658261214.444, 0.84, 0.4079, 0.92, 0.3071
resnet18_alldata,1658261215.004, 0.84, 0.3865, 0.89, 0.3216
resnet18_alldata,1658261215.555, 0.85, 0.3362, 0.92, 0.2846
resnet18_alldata,1658261216.124, 0.89, 0.2952, 0.91, 0.3255
resnet18_alldata,1658261216.689, 0.86, 0.3699, 0.88, 0.3381
resnet18_alldata,1658261217.258, 0.86, 0.3199, 0.89, 0.3338
resnet18_alldata,1658261217.83, 0.89, 0.3092, 0.85, 0.3902
resnet18_alldata,1658261218.412, 0.81, 0.4374, 0.87, 0.3924
resnet18_alldata,1658261218.999, 0.88, 0.3226, 0.8, 0.4636
resnet18_alldata,1658261219.585, 0.91, 0.3353, 0.86, 0.3516
resnet18_alldata,1658261220.163, 0.81, 0.4395, 0.9, 0.3131
resnet18_alldata,1658261220.743, 0.82, 0.4464, 0.82, 0.4017
resnet18_alldata,1658261221.311, 0.89, 0.3538, 0.87, 0.3684
resnet18_alldata,1658261221.869, 0.86, 0.3959, 0.89, 0.3633
resnet18_alldata,1658261222.429, 0.85, 0.3508, 0.92, 0.3045
resnet18_alldata,1658261222.989, 0.88, 0.3418, 0.86, 0.3769
resnet18_alldata,1658261223.55, 0.82, 0.3873, 0.91, 0.2998
resnet18_alldata,1658261224.118, 0.86, 0.3948, 0.86, 0.3511
resnet18_alldata,1658261224.699, 0.85, 0.3628, 0.88, 0.3406
resnet18_alldata,1658261225.277, 0.9, 0.3463, 0.83, 0.4063
resnet18_alldata,1658261225.846, 0.85, 0.3391, 0.9, 0.3147
resnet18_alldata,1658261226.415, 0.84, 0.3601, 0.86, 0.3873
resnet18_alldata,1658261226.991, 0.94, 0.2837, 0.88, 0.3216
resnet18_alldata,1658261227.575, 0.91, 0.2848, 0.88, 0.3422
resnet18_alldata,1658261228.151, 0.84, 0.3776, 0.89, 0.2854
resnet18_alldata,1658261228.731, 0.86, 0.3837, 0.89, 0.3054
resnet18_alldata,1658261229.31, 0.91, 0.3053, 0.84, 0.3722
resnet18_alldata,1658261229.878, 0.82, 0.4048, 0.87, 0.3744
resnet18_alldata,1658261230.443, 0.9, 0.3286, 0.85, 0.3747
resnet18_alldata,1658261230.993, 0.89, 0.3288, 0.88, 0.3726
resnet18_alldata,1658261231.543, 0.9, 0.3192, 0.86, 0.3667
resnet18_alldata,1658261232.094, 0.94, 0.2804, 0.87, 0.367
resnet18_alldata,1658261232.636, 0.88, 0.3384, 0.89, 0.3274
resnet18_alldata,1658261233.177, 0.9, 0.3244, 0.85, 0.3558
resnet18_alldata,1658261233.722, 0.9, 0.2888, 0.86, 0.399
resnet18_alldata,1658261234.262, 0.94, 0.2622, 0.93, 0.2833
resnet18_alldata,1658261234.804, 0.9, 0.325, 0.85, 0.3833
resnet18_alldata,1658261235.347, 0.85, 0.3816, 0.91, 0.3119
resnet18_alldata,1658261235.895, 0.87, 0.3915, 0.92, 0.3086
resnet18_alldata,1658261236.437, 0.82, 0.3911, 0.89, 0.3071
resnet18_alldata,1658261236.988, 0.9, 0.3364, 0.83, 0.4192
resnet18_alldata,1658261237.533, 0.87, 0.36, 0.87, 0.3753
resnet18_alldata,1658261238.074, 0.9, 0.3156, 0.82, 0.3853
resnet18_alldata,1658261238.621, 0.88, 0.3098, 0.87, 0.3795
resnet18_alldata,1658261239.166, 0.87, 0.3632, 0.9, 0.3267
resnet18_alldata,1658261239.72, 0.94, 0.2412, 0.88, 0.318
resnet18_alldata,1658261240.263, 0.88, 0.3235, 0.88, 0.3714
resnet18_alldata,1658261240.807, 0.87, 0.3199, 0.89, 0.3359
resnet18_alldata,1658261241.349, 0.92, 0.2813, 0.9, 0.3213
resnet18_alldata,1658261241.903, 0.8, 0.3924, 0.8, 0.4613
resnet18_alldata,1658261242.447, 0.92, 0.2876, 0.91, 0.3098
resnet18_alldata,1658261242.989, 0.94, 0.2657, 0.89, 0.3681
resnet18_alldata,1658261243.54, 0.86, 0.33, 0.88, 0.3357
resnet18_alldata,1658261244.089, 0.86, 0.3606, 0.85, 0.3757
resnet18_alldata,1658261244.636, 0.87, 0.3602, 0.89, 0.2938
resnet18_alldata,1658261245.176, 0.86, 0.3527, 0.94, 0.2939
resnet18_alldata,1658261245.722, 0.91, 0.3123, 0.89, 0.3493
resnet18_alldata,1658261246.268, 0.87, 0.3312, 0.89, 0.3192
resnet18_alldata,1658261246.808, 0.86, 0.3833, 0.85, 0.4109
resnet18_alldata,1658261247.354, 0.85, 0.3649, 0.89, 0.3081
resnet18_alldata,1658261247.901, 0.84, 0.3858, 0.88, 0.3754
resnet18_alldata,1658261248.447, 0.83, 0.4265, 0.9, 0.3311
resnet18_alldata,1658261248.967, 0.87, 0.4013, 0.81, 0.4141
resnet18_alldata,1658261249.523, 0.9, 0.3535, 0.8, 0.4132
resnet18_alldata,1658261250.072, 0.81, 0.4079, 0.86, 0.3785
resnet18_alldata,1658261250.619, 0.85, 0.3601, 0.82, 0.3874
resnet18_alldata,1658261251.167, 0.9, 0.3153, 0.86, 0.3949
resnet18_alldata,1658261251.713, 0.84, 0.3982, 0.85, 0.4009
resnet18_alldata,1658261252.263, 0.94, 0.2768, 0.86, 0.3869
resnet18_alldata,1658261252.81, 0.85, 0.3854, 0.93, 0.2849
resnet18_alldata,1658261253.357, 0.83, 0.3708, 0.84, 0.4236
resnet18_alldata,1658261253.898, 0.85, 0.3435, 0.9, 0.3027
resnet18_alldata,1658261254.449, 0.87, 0.362, 0.85, 0.3739
resnet18_alldata,1658261254.996, 0.86, 0.3881, 0.93, 0.2907
resnet18_alldata,1658261255.543, 0.84, 0.3741, 0.8, 0.4225
resnet18_alldata,1658261256.081, 0.86, 0.3557, 0.89, 0.3082
resnet18_alldata,1658261256.629, 0.88, 0.3159, 0.85, 0.4121
resnet18_alldata,1658261257.174, 0.87, 0.3469, 0.84, 0.3931
resnet18_alldata,1658261257.718, 0.85, 0.3756, 0.91, 0.3194
resnet18_alldata,1658261258.264, 0.82, 0.3901, 0.86, 0.3368
resnet18_alldata,1658261258.813, 0.9, 0.3421, 0.92, 0.3188
resnet18_alldata,1658261259.351, 0.89, 0.3281, 0.89, 0.31
resnet18_alldata,1658261259.903, 0.85, 0.3602, 0.84, 0.3944
resnet18_alldata,1658261260.449, 0.86, 0.332, 0.82, 0.3797
resnet18_alldata,1658261260.996, 0.85, 0.3599, 0.89, 0.3347
resnet18_alldata,1658261261.539, 0.85, 0.3777, 0.84, 0.3859
resnet18_alldata,1658261262.082, 0.84, 0.381, 0.85, 0.3684
resnet18_alldata,1658261262.63, 0.91, 0.3568, 0.84, 0.4054
resnet18_alldata,1658261263.178, 0.96, 0.2731, 0.89, 0.3396
resnet18_alldata,1658261263.721, 0.82, 0.4373, 0.86, 0.3646
resnet18_alldata,1658261264.267, 0.82, 0.366, 0.87, 0.3663
resnet18_alldata,1658261264.814, 0.94, 0.259, 0.88, 0.3543
resnet18_alldata,1658261265.363, 0.87, 0.3375, 0.83, 0.3856
resnet18_alldata,1658261265.909, 0.85, 0.3704, 0.83, 0.3954
resnet18_alldata,1658261266.455, 0.86, 0.3318, 0.91, 0.2798
resnet18_alldata,1658261266.998, 0.9, 0.3805, 0.81, 0.374
resnet18_alldata,1658261267.55, 0.86, 0.3657, 0.91, 0.2971
resnet18_alldata,1658261268.102, 0.86, 0.319, 0.86, 0.3616
resnet18_alldata,1658261268.652, 0.84, 0.3545, 0.93, 0.2636
resnet18_alldata,1658261269.201, 0.85, 0.3275, 0.9, 0.2918
resnet18_alldata,1658261269.745, 0.89, 0.3005, 0.84, 0.375
resnet18_alldata,1658261270.29, 0.84, 0.3758, 0.86, 0.3512
resnet18_alldata,1658261270.835, 0.82, 0.4066, 0.89, 0.3097
resnet18_alldata,1658261271.376, 0.78, 0.4283, 0.89, 0.3125
resnet18_alldata,1658261271.928, 0.82, 0.4095, 0.86, 0.3208
resnet18_alldata,1658261272.471, 0.87, 0.3515, 0.88, 0.2964
resnet18_alldata,1658261273.015, 0.89, 0.3116, 0.88, 0.351
resnet18_alldata,1658261273.561, 0.92, 0.3012, 0.91, 0.2823
resnet18_alldata,1658261274.109, 0.92, 0.2967, 0.85, 0.3462
resnet18_alldata,1658261274.661, 0.92, 0.3311, 0.88, 0.2962
resnet18_alldata,1658261275.204, 0.92, 0.2879, 0.89, 0.3188
resnet18_alldata,1658261275.747, 0.92, 0.3088, 0.89, 0.3162
resnet18_alldata,1658261276.296, 0.88, 0.3514, 0.88, 0.3415
resnet18_alldata,1658261276.839, 0.88, 0.3507, 0.84, 0.3449
resnet18_alldata,1658261277.385, 0.85, 0.3606, 0.85, 0.3586
resnet18_alldata,1658261277.927, 0.79, 0.4229, 0.89, 0.3441
resnet18_alldata,1658261278.479, 0.82, 0.3946, 0.91, 0.2883
resnet18_alldata,1658261279.024, 0.87, 0.3397, 0.93, 0.2719
resnet18_alldata,1658261279.57, 0.85, 0.4247, 0.88, 0.3591
resnet18_alldata,1658261280.108, 0.82, 0.3994, 0.91, 0.2963
resnet18_alldata,1658261280.658, 0.88, 0.296, 0.9, 0.3024
resnet18_alldata,1658261281.208, 0.89, 0.3221, 0.86, 0.3524
resnet18_alldata,1658261281.753, 0.88, 0.3389, 0.86, 0.4001
resnet18_alldata,1658261282.303, 0.88, 0.3467, 0.88, 0.3478
resnet18_alldata,1658261282.841, 0.87, 0.3807, 0.83, 0.4022
resnet18_alldata,1658261283.387, 0.89, 0.3481, 0.88, 0.3373
resnet18_alldata,1658261283.923, 0.87, 0.3501, 0.88, 0.3638
resnet18_alldata,1658261284.471, 0.91, 0.2876, 0.87, 0.3581
resnet18_alldata,1658261285.018, 0.86, 0.3653, 0.84, 0.3692
resnet18_alldata,1658261285.566, 0.86, 0.3126, 0.86, 0.3471
resnet18_alldata,1658261286.113, 0.89, 0.2927, 0.85, 0.3336
resnet18_alldata,1658261286.656, 0.82, 0.386, 0.85, 0.3931
resnet18_alldata,1658261287.197, 0.86, 0.3353, 0.81, 0.3776
resnet18_alldata,1658261287.742, 0.9, 0.303, 0.9, 0.3283
resnet18_alldata,1658261288.292, 0.86, 0.3839, 0.89, 0.3141
resnet18_alldata,1658261288.838, 0.89, 0.3697, 0.89, 0.3479
resnet18_alldata,1658261289.377, 0.87, 0.3166, 0.92, 0.2958
resnet18_alldata,1658261289.921, 0.84, 0.3654, 0.85, 0.3713
resnet18_alldata,1658261290.464, 0.91, 0.3013, 0.91, 0.2973
resnet18_alldata,1658261291.009, 0.86, 0.3387, 0.88, 0.3354
resnet18_alldata,1658261291.551, 0.89, 0.3072, 0.9, 0.2923
resnet18_alldata,1658261292.098, 0.85, 0.3286, 0.85, 0.3294
resnet18_alldata,1658261292.641, 0.91, 0.3059, 0.89, 0.3389
resnet18_alldata,1658261293.185, 0.88, 0.3546, 0.84, 0.3849
resnet18_alldata,1658261293.733, 0.86, 0.3654, 0.93, 0.2692
resnet18_alldata,1658261294.276, 0.88, 0.354, 0.88, 0.3502
resnet18_alldata,1658261294.82, 0.88, 0.3047, 0.89, 0.3582
resnet18_alldata,1658261295.359, 0.85, 0.3465, 0.86, 0.3739
resnet18_alldata,1658261295.905, 0.9, 0.3345, 0.86, 0.3616
resnet18_alldata,1658261296.452, 0.82, 0.4095, 0.89, 0.2853
resnet18_alldata,1658261296.999, 0.9, 0.3234, 0.86, 0.3698
resnet18_alldata,1658261297.546, 0.87, 0.3665, 0.84, 0.3839
resnet18_alldata,1658261298.092, 0.84, 0.3783, 0.9, 0.3103
resnet18_alldata,1658261298.645, 0.81, 0.3958, 0.89, 0.3207
resnet18_alldata,1658261299.198, 0.86, 0.3536, 0.92, 0.2797
resnet18_alldata,1658261299.758, 0.88, 0.3175, 0.91, 0.2965
resnet18_alldata,1658261300.309, 0.83, 0.3449, 0.89, 0.3399
resnet18_alldata,1658261300.897, 0.83, 0.3612, 0.85, 0.37
resnet18_alldata,1658261301.537, 0.84, 0.3695, 0.85, 0.3894
resnet18_alldata,1658261302.14, 0.88, 0.3241, 0.89, 0.3591
resnet18_alldata,1658261302.762, 0.83, 0.3744, 0.89, 0.3245
resnet18_alldata,1658261303.458, 0.88, 0.3376, 0.83, 0.3849
resnet18_alldata,1658261304.101, 0.9, 0.3265, 0.81, 0.3784
resnet18_alldata,1658261304.747, 0.89, 0.2801, 0.89, 0.3156
resnet18_alldata,1658261305.373, 0.9, 0.3177, 0.9, 0.315
resnet18_alldata,1658261305.98, 0.84, 0.3559, 0.89, 0.3307
resnet18_alldata,1658261306.591, 0.89, 0.2888, 0.86, 0.3493
resnet18_alldata,1658261307.187, 0.92, 0.282, 0.89, 0.312
resnet18_alldata,1658261307.788, 0.86, 0.3321, 0.87, 0.3299
resnet18_alldata,1658261308.379, 0.93, 0.3101, 0.88, 0.31
resnet18_alldata,1658261308.957, 0.88, 0.3164, 0.88, 0.3291
resnet18_alldata,1658261309.534, 0.85, 0.4049, 0.89, 0.31
resnet18_alldata,1658261310.126, 0.8, 0.3775, 0.89, 0.3304
resnet18_alldata,1658261310.717, 0.85, 0.3638, 0.93, 0.3069
resnet18_alldata,1658261311.303, 0.92, 0.2908, 0.91, 0.2823
resnet18_alldata,1658261311.861, 0.89, 0.297, 0.86, 0.3952
resnet18_alldata,1658261312.413, 0.93, 0.2894, 0.81, 0.3803
resnet18_alldata,1658261312.964, 0.92, 0.2883, 0.84, 0.4043
resnet18_alldata,1658261313.506, 0.85, 0.4047, 0.84, 0.3672
resnet18_alldata,1658261314.051, 0.88, 0.3207, 0.85, 0.3604
resnet18_alldata,1658261314.603, 0.8, 0.4162, 0.88, 0.3456
resnet18_alldata,1658261315.151, 0.9, 0.309, 0.87, 0.3681
resnet18_alldata,1658261315.698, 0.93, 0.2933, 0.87, 0.3239
resnet18_alldata,1658261316.238, 0.9, 0.33, 0.84, 0.3625
resnet18_alldata,1658261316.782, 0.89, 0.3602, 0.87, 0.3056
resnet18_alldata,1658261317.325, 0.91, 0.3167, 0.89, 0.3282
resnet18_alldata,1658261317.875, 0.91, 0.3231, 0.86, 0.3997
resnet18_alldata,1658261318.415, 0.91, 0.3102, 0.89, 0.3155
resnet18_alldata,1658261318.959, 0.87, 0.3551, 0.89, 0.3039
resnet18_alldata,1658261319.503, 0.88, 0.3071, 0.88, 0.3698
resnet18_alldata,1658261320.045, 0.84, 0.3725, 0.91, 0.2571
resnet18_alldata,1658261320.588, 0.92, 0.3398, 0.91, 0.287
resnet18_alldata,1658261321.133, 0.88, 0.3301, 0.87, 0.3617
resnet18_alldata,1658261321.68, 0.9, 0.2897, 0.85, 0.3774
resnet18_alldata,1658261322.23, 0.85, 0.3369, 0.88, 0.3496
resnet18_alldata,1658261322.773, 0.83, 0.3741, 0.88, 0.3479
resnet18_alldata,1658261323.319, 0.85, 0.3492, 0.88, 0.3081
resnet18_alldata,1658261323.864, 0.9, 0.312, 0.86, 0.3141
resnet18_alldata,1658261324.407, 0.85, 0.384, 0.9, 0.2617
resnet18_alldata,1658261324.955, 0.86, 0.3612, 0.9, 0.3146
resnet18_alldata,1658261325.497, 0.87, 0.3108, 0.85, 0.3766
resnet18_alldata,1658261326.042, 0.91, 0.2725, 0.87, 0.3375
resnet18_alldata,1658261326.59, 0.86, 0.339, 0.82, 0.3649
resnet18_alldata,1658261327.134, 0.9, 0.291, 0.84, 0.3658
resnet18_alldata,1658261327.681, 0.91, 0.2827, 0.89, 0.3278
resnet18_alldata,1658261328.232, 0.84, 0.4128, 0.88, 0.3247
resnet18_alldata,1658261328.779, 0.9, 0.2924, 0.86, 0.3934
resnet18_alldata,1658261329.323, 0.91, 0.3073, 0.89, 0.3611
resnet18_alldata,1658261329.87, 0.83, 0.4102, 0.87, 0.37
resnet18_alldata,1658261330.418, 0.83, 0.4184, 0.91, 0.2584
resnet18_alldata,1658261330.959, 0.89, 0.3273, 0.85, 0.3497
resnet18_alldata,1658261331.502, 0.86, 0.3745, 0.85, 0.3856
resnet18_alldata,1658261332.056, 0.87, 0.3223, 0.87, 0.3833
resnet18_alldata,1658261332.603, 0.89, 0.3104, 0.89, 0.3135
resnet18_alldata,1658261333.152, 0.84, 0.3624, 0.93, 0.2744
resnet18_alldata,1658261333.701, 0.89, 0.3698, 0.86, 0.3735
resnet18_alldata,1658261334.247, 0.87, 0.3376, 0.91, 0.3026
resnet18_alldata,1658261334.792, 0.9, 0.3119, 0.9, 0.3216
resnet18_alldata,1658261335.337, 0.84, 0.3166, 0.93, 0.27
resnet18_alldata,1658261335.878, 0.84, 0.3318, 0.93, 0.2685
resnet18_alldata,1658261336.424, 0.95, 0.2531, 0.93, 0.2662
resnet18_alldata,1658261336.966, 0.92, 0.2629, 0.91, 0.2889
resnet18_alldata,1658261337.508, 0.84, 0.359, 0.86, 0.3842
resnet18_alldata,1658261338.054, 0.88, 0.3588, 0.88, 0.3063
resnet18_alldata,1658261338.603, 0.91, 0.2835, 0.91, 0.2729
resnet18_alldata,1658261339.147, 0.84, 0.3765, 0.86, 0.3531
resnet18_alldata,1658261339.694, 0.91, 0.3023, 0.86, 0.3217
resnet18_alldata,1658261340.243, 0.91, 0.3061, 0.88, 0.3283
resnet18_alldata,1658261340.798, 0.91, 0.2907, 0.88, 0.3531
resnet18_alldata,1658261341.341, 0.94, 0.2565, 0.85, 0.3734
resnet18_alldata,1658261341.891, 0.9, 0.3085, 0.86, 0.3747
resnet18_alldata,1658261342.437, 0.9, 0.2956, 0.87, 0.392
resnet18_alldata,1658261342.99, 0.9, 0.2578, 0.85, 0.3391
resnet18_alldata,1658261343.538, 0.94, 0.2395, 0.86, 0.3773
resnet18_alldata,1658261344.08, 0.9, 0.2977, 0.88, 0.3491
resnet18_alldata,1658261344.629, 0.85, 0.3571, 0.88, 0.3434
resnet18_alldata,1658261345.178, 0.87, 0.3653, 0.93, 0.2711
resnet18_alldata,1658261345.718, 0.83, 0.3706, 0.88, 0.338
resnet18_alldata,1658261346.264, 0.9, 0.3071, 0.87, 0.3606
resnet18_alldata,1658261346.812, 0.88, 0.3373, 0.9, 0.292
resnet18_alldata,1658261347.357, 0.89, 0.2895, 0.88, 0.3398
resnet18_alldata,1658261347.908, 0.89, 0.2864, 0.84, 0.3856
resnet18_alldata,1658261348.461, 0.88, 0.3353, 0.9, 0.3105
resnet18_alldata,1658261349.005, 0.95, 0.212, 0.9, 0.2841
resnet18_alldata,1658261349.557, 0.88, 0.2925, 0.86, 0.3328
resnet18_alldata,1658261350.107, 0.87, 0.2927, 0.88, 0.3287
resnet18_alldata,1658261350.649, 0.92, 0.2593, 0.89, 0.3357
resnet18_alldata,1658261351.197, 0.82, 0.3685, 0.86, 0.3652
resnet18_alldata,1658261351.744, 0.93, 0.2615, 0.86, 0.3372
resnet18_alldata,1658261352.288, 0.94, 0.2372, 0.85, 0.3678
resnet18_alldata,1658261352.836, 0.88, 0.3031, 0.93, 0.2604
resnet18_alldata,1658261353.38, 0.86, 0.3326, 0.93, 0.2857
resnet18_alldata,1658261353.917, 0.86, 0.3365, 0.87, 0.313
resnet18_alldata,1658261354.465, 0.86, 0.3314, 0.88, 0.3466
resnet18_alldata,1658261355.012, 0.92, 0.2821, 0.88, 0.3408
resnet18_alldata,1658261355.561, 0.87, 0.3038, 0.85, 0.3659
resnet18_alldata,1658261356.108, 0.86, 0.358, 0.88, 0.3398
resnet18_alldata,1658261356.651, 0.86, 0.3391, 0.87, 0.3273
resnet18_alldata,1658261357.201, 0.86, 0.3584, 0.87, 0.3692
resnet18_alldata,1658261357.748, 0.84, 0.4098, 0.9, 0.3121
resnet18_alldata,1658261358.267, 0.87, 0.3766, 0.9, 0.2727
resnet18_alldata,1658261358.817, 0.9, 0.3282, 0.91, 0.3003
resnet18_alldata,1658261359.362, 0.82, 0.3843, 0.93, 0.2855
resnet18_alldata,1658261359.904, 0.86, 0.3403, 0.87, 0.3515
resnet18_alldata,1658261360.452, 0.89, 0.2904, 0.89, 0.3449
resnet18_alldata,1658261361.001, 0.85, 0.3777, 0.94, 0.269
resnet18_alldata,1658261361.548, 0.94, 0.2528, 0.89, 0.3267
resnet18_alldata,1658261362.092, 0.86, 0.3568, 0.92, 0.2882
resnet18_alldata,1658261362.634, 0.85, 0.3439, 0.88, 0.3413
resnet18_alldata,1658261363.177, 0.86, 0.3252, 0.92, 0.2872
resnet18_alldata,1658261363.731, 0.89, 0.3347, 0.88, 0.338
resnet18_alldata,1658261364.279, 0.86, 0.3767, 0.85, 0.3803
resnet18_alldata,1658261364.821, 0.86, 0.351, 0.87, 0.3442
resnet18_alldata,1658261365.368, 0.88, 0.3279, 0.9, 0.3434
resnet18_alldata,1658261365.919, 0.9, 0.2952, 0.91, 0.2931
resnet18_alldata,1658261366.465, 0.89, 0.3264, 0.89, 0.3071
resnet18_alldata,1658261367.013, 0.87, 0.3502, 0.87, 0.3207
resnet18_alldata,1658261367.557, 0.81, 0.3666, 0.88, 0.3071
resnet18_alldata,1658261368.105, 0.92, 0.3173, 0.92, 0.2755
resnet18_alldata,1658261368.647, 0.89, 0.3083, 0.86, 0.3664
resnet18_alldata,1658261369.19, 0.86, 0.3329, 0.91, 0.2757
resnet18_alldata,1658261369.74, 0.85, 0.3211, 0.88, 0.3039
resnet18_alldata,1658261370.29, 0.87, 0.3369, 0.9, 0.3334
resnet18_alldata,1658261370.842, 0.87, 0.3605, 0.83, 0.4002
resnet18_alldata,1658261371.391, 0.85, 0.3549, 0.91, 0.2572
resnet18_alldata,1658261371.938, 0.91, 0.3329, 0.86, 0.3102
resnet18_alldata,1658261372.49, 0.95, 0.2492, 0.92, 0.2928
resnet18_alldata,1658261373.04, 0.82, 0.4201, 0.93, 0.2784
resnet18_alldata,1658261373.585, 0.84, 0.3429, 0.91, 0.2527
resnet18_alldata,1658261374.132, 0.94, 0.2341, 0.93, 0.2661
resnet18_alldata,1658261374.675, 0.87, 0.3136, 0.91, 0.3395
resnet18_alldata,1658261375.221, 0.87, 0.3446, 0.9, 0.3322
resnet18_alldata,1658261375.773, 0.86, 0.3111, 0.9, 0.2777
resnet18_alldata,1658261376.331, 0.89, 0.3581, 0.8, 0.369
resnet18_alldata,1658261376.878, 0.85, 0.3528, 0.85, 0.3732
resnet18_alldata,1658261377.424, 0.87, 0.2969, 0.91, 0.2862
resnet18_alldata,1658261377.975, 0.84, 0.3322, 0.87, 0.3628
resnet18_alldata,1658261378.52, 0.87, 0.3031, 0.86, 0.3238
resnet18_alldata,1658261379.061, 0.89, 0.2844, 0.87, 0.3191
resnet18_alldata,1658261379.609, 0.87, 0.3546, 0.82, 0.3895
resnet18_alldata,1658261380.159, 0.84, 0.383, 0.91, 0.2873
resnet18_alldata,1658261380.71, 0.8, 0.4147, 0.86, 0.3179
resnet18_alldata,1658261381.253, 0.82, 0.384, 0.85, 0.3749
resnet18_alldata,1658261381.795, 0.87, 0.3327, 0.9, 0.3147
resnet18_alldata,1658261382.339, 0.91, 0.2857, 0.9, 0.2947
resnet18_alldata,1658261382.883, 0.92, 0.2816, 0.89, 0.2876
resnet18_alldata,1658261383.431, 0.91, 0.2731, 0.88, 0.3373
resnet18_alldata,1658261383.98, 0.93, 0.3087, 0.89, 0.3061
resnet18_alldata,1658261384.528, 0.92, 0.2647, 0.85, 0.3769
resnet18_alldata,1658261385.076, 0.94, 0.2808, 0.87, 0.3426
resnet18_alldata,1658261385.618, 0.9, 0.328, 0.87, 0.3318
resnet18_alldata,1658261386.169, 0.89, 0.3273, 0.9, 0.3196
resnet18_alldata,1658261386.714, 0.85, 0.3354, 0.87, 0.3256
resnet18_alldata,1658261387.255, 0.81, 0.4033, 0.86, 0.3962
resnet18_alldata,1658261387.804, 0.84, 0.3713, 0.87, 0.3826
resnet18_alldata,1658261388.363, 0.88, 0.3154, 0.89, 0.3133
resnet18_alldata,1658261388.915, 0.85, 0.4114, 0.88, 0.3175
resnet18_alldata,1658261389.465, 0.83, 0.3839, 0.95, 0.2843
resnet18_alldata,1658261390.016, 0.91, 0.2711, 0.88, 0.3301
resnet18_alldata,1658261390.571, 0.9, 0.301, 0.88, 0.3179
resnet18_alldata,1658261391.128, 0.88, 0.3173, 0.91, 0.2879
resnet18_alldata,1658261391.689, 0.88, 0.3213, 0.91, 0.3435
resnet18_alldata,1658261392.24, 0.88, 0.3634, 0.88, 0.3287
resnet18_alldata,1658261392.788, 0.9, 0.3302, 0.85, 0.3842
resnet18_alldata,1658261393.336, 0.87, 0.3252, 0.88, 0.3344
resnet18_alldata,1658261393.891, 0.91, 0.2677, 0.87, 0.3443
resnet18_alldata,1658261394.443, 0.86, 0.3463, 0.87, 0.309
resnet18_alldata,1658261394.994, 0.87, 0.2924, 0.85, 0.3489
resnet18_alldata,1658261395.549, 0.9, 0.2695, 0.9, 0.2825
resnet18_alldata,1658261396.101, 0.82, 0.3667, 0.87, 0.3373
resnet18_alldata,1658261396.651, 0.87, 0.3137, 0.84, 0.3517
resnet18_alldata,1658261397.198, 0.91, 0.2813, 0.89, 0.3388
resnet18_alldata,1658261397.746, 0.87, 0.3669, 0.88, 0.2963
resnet18_alldata,1658261398.289, 0.89, 0.3488, 0.9, 0.2637
resnet18_alldata,1658261398.833, 0.9, 0.297, 0.9, 0.2817
resnet18_alldata,1658261399.375, 0.86, 0.3453, 0.92, 0.2861
resnet18_alldata,1658261399.92, 0.91, 0.2754, 0.92, 0.2725
resnet18_alldata,1658261400.47, 0.86, 0.3204, 0.88, 0.3467
resnet18_alldata,1658261401.017, 0.89, 0.2861, 0.87, 0.3288
resnet18_alldata,1658261401.564, 0.85, 0.3032, 0.88, 0.2855
resnet18_alldata,1658261402.108, 0.91, 0.2861, 0.94, 0.2598
resnet18_alldata,1658261402.651, 0.89, 0.3352, 0.87, 0.3269
resnet18_alldata,1658261403.199, 0.88, 0.3481, 0.89, 0.2908
resnet18_alldata,1658261403.757, 0.9, 0.3298, 0.89, 0.3167
resnet18_alldata,1658261404.302, 0.89, 0.2884, 0.86, 0.3533
resnet18_alldata,1658261404.849, 0.9, 0.3241, 0.88, 0.2946
resnet18_alldata,1658261405.4, 0.91, 0.314, 0.91, 0.3004
resnet18_alldata,1658261405.945, 0.84, 0.3936, 0.86, 0.3376
resnet18_alldata,1658261406.496, 0.9, 0.3, 0.88, 0.2912
resnet18_alldata,1658261407.055, 0.87, 0.3458, 0.94, 0.2483
resnet18_alldata,1658261407.602, 0.88, 0.3543, 0.9, 0.3166
resnet18_alldata,1658261408.151, 0.8, 0.3757, 0.87, 0.3351
resnet18_alldata,1658261408.699, 0.86, 0.3317, 0.87, 0.3424
resnet18_alldata,1658261409.247, 0.9, 0.2927, 0.87, 0.3501
resnet18_alldata,1658261409.798, 0.83, 0.3232, 0.85, 0.3789
resnet18_alldata,1658261410.339, 0.84, 0.3496, 0.89, 0.3135
resnet18_alldata,1658261410.882, 0.85, 0.3498, 0.85, 0.3781
resnet18_alldata,1658261411.433, 0.89, 0.3098, 0.89, 0.3274
resnet18_alldata,1658261411.983, 0.85, 0.3597, 0.88, 0.3222
resnet18_alldata,1658261412.532, 0.89, 0.3134, 0.89, 0.3243
resnet18_alldata,1658261413.074, 0.91, 0.3068, 0.88, 0.3325
resnet18_alldata,1658261413.619, 0.89, 0.262, 0.92, 0.2595
resnet18_alldata,1658261414.164, 0.92, 0.2987, 0.92, 0.2889
resnet18_alldata,1658261414.715, 0.85, 0.344, 0.92, 0.2823
resnet18_alldata,1658261415.261, 0.9, 0.2731, 0.91, 0.2475
resnet18_alldata,1658261415.805, 0.92, 0.2628, 0.86, 0.3687
resnet18_alldata,1658261416.343, 0.88, 0.3081, 0.9, 0.2608
resnet18_alldata,1658261416.886, 0.92, 0.2948, 0.92, 0.2573
resnet18_alldata,1658261417.439, 0.88, 0.3001, 0.91, 0.3013
resnet18_alldata,1658261417.987, 0.85, 0.3954, 0.85, 0.3577
resnet18_alldata,1658261418.531, 0.83, 0.3555, 0.92, 0.2832
resnet18_alldata,1658261419.083, 0.88, 0.3416, 0.91, 0.2599
resnet18_alldata,1658261419.631, 0.92, 0.277, 0.87, 0.3474
resnet18_alldata,1658261420.175, 0.9, 0.278, 0.86, 0.3363
resnet18_alldata,1658261420.719, 0.93, 0.2711, 0.84, 0.3384
resnet18_alldata,1658261421.259, 0.92, 0.2637, 0.9, 0.3275
resnet18_alldata,1658261421.802, 0.86, 0.3871, 0.92, 0.2801
resnet18_alldata,1658261422.353, 0.88, 0.3036, 0.94, 0.2436
resnet18_alldata,1658261422.903, 0.84, 0.4048, 0.87, 0.3408
resnet18_alldata,1658261423.445, 0.92, 0.2888, 0.87, 0.3472
resnet18_alldata,1658261423.993, 0.93, 0.2755, 0.82, 0.3541
resnet18_alldata,1658261424.541, 0.9, 0.3154, 0.9, 0.3118
resnet18_alldata,1658261425.08, 0.89, 0.3389, 0.87, 0.3432
resnet18_alldata,1658261425.632, 0.92, 0.294, 0.86, 0.3386
resnet18_alldata,1658261426.193, 0.92, 0.3034, 0.9, 0.2806
resnet18_alldata,1658261426.745, 0.91, 0.2905, 0.88, 0.3332
resnet18_alldata,1658261427.292, 0.9, 0.3326, 0.88, 0.3111
resnet18_alldata,1658261427.836, 0.89, 0.2884, 0.86, 0.3493
resnet18_alldata,1658261428.383, 0.85, 0.3519, 0.91, 0.2849
resnet18_alldata,1658261428.929, 0.91, 0.3249, 0.94, 0.2725
resnet18_alldata,1658261429.476, 0.87, 0.321, 0.85, 0.3922
resnet18_alldata,1658261430.024, 0.91, 0.2692, 0.87, 0.3274
resnet18_alldata,1658261430.563, 0.85, 0.3132, 0.88, 0.3363
resnet18_alldata,1658261431.11, 0.84, 0.366, 0.87, 0.2898
resnet18_alldata,1658261431.659, 0.85, 0.3302, 0.89, 0.3529
resnet18_alldata,1658261432.196, 0.91, 0.2919, 0.87, 0.359
resnet18_alldata,1658261432.742, 0.85, 0.3679, 0.86, 0.3413
resnet18_alldata,1658261433.296, 0.85, 0.3433, 0.87, 0.3836
resnet18_alldata,1658261433.835, 0.87, 0.2933, 0.86, 0.3411
resnet18_alldata,1658261434.383, 0.9, 0.2571, 0.9, 0.2998
resnet18_alldata,1658261434.93, 0.86, 0.3186, 0.89, 0.3265
resnet18_alldata,1658261435.474, 0.9, 0.2723, 0.88, 0.3174
resnet18_alldata,1658261436.016, 0.92, 0.2658, 0.87, 0.3576
resnet18_alldata,1658261436.56, 0.84, 0.3954, 0.92, 0.2681
resnet18_alldata,1658261437.104, 0.91, 0.2734, 0.85, 0.3823
resnet18_alldata,1658261437.65, 0.91, 0.2894, 0.89, 0.3152
resnet18_alldata,1658261438.194, 0.84, 0.39, 0.88, 0.3151
resnet18_alldata,1658261438.738, 0.84, 0.399, 0.86, 0.3501
resnet18_alldata,1658261439.28, 0.89, 0.3095, 0.93, 0.2422
resnet18_alldata,1658261439.826, 0.86, 0.3602, 0.93, 0.2715
resnet18_alldata,1658261440.39, 0.87, 0.303, 0.88, 0.3124
resnet18_alldata,1658261440.951, 0.89, 0.2892, 0.89, 0.3039
resnet18_alldata,1658261441.515, 0.84, 0.3444, 0.84, 0.389
resnet18_alldata,1658261442.109, 0.89, 0.353, 0.84, 0.3771
resnet18_alldata,1658261442.664, 0.87, 0.3211, 0.9, 0.2985
resnet18_alldata,1658261443.229, 0.9, 0.2896, 0.87, 0.3849
resnet18_alldata,1658261443.841, 0.85, 0.3019, 0.88, 0.3432
resnet18_alldata,1658261444.417, 0.85, 0.3123, 0.88, 0.3204
resnet18_alldata,1658261445.002, 0.95, 0.2335, 0.8, 0.3733
resnet18_alldata,1658261445.598, 0.92, 0.2489, 0.87, 0.3737
resnet18_alldata,1658261446.165, 0.84, 0.3465, 0.91, 0.269
resnet18_alldata,1658261446.721, 0.88, 0.3427, 0.92, 0.2568
resnet18_alldata,1658261447.276, 0.92, 0.2704, 0.86, 0.3179
resnet18_alldata,1658261447.846, 0.85, 0.357, 0.87, 0.3229
resnet18_alldata,1658261448.42, 0.91, 0.2835, 0.91, 0.3335
resnet18_alldata,1658261448.98, 0.91, 0.2919, 0.9, 0.3349
resnet18_alldata,1658261449.525, 0.94, 0.2711, 0.88, 0.3056
resnet18_alldata,1658261450.071, 0.93, 0.2403, 0.95, 0.2279
resnet18_alldata,1658261450.617, 0.91, 0.2883, 0.87, 0.3389
resnet18_alldata,1658261451.16, 0.92, 0.2758, 0.81, 0.368
resnet18_alldata,1658261451.707, 0.92, 0.237, 0.84, 0.3444
resnet18_alldata,1658261452.251, 0.94, 0.2246, 0.9, 0.3284
resnet18_alldata,1658261452.792, 0.9, 0.2796, 0.86, 0.3507
resnet18_alldata,1658261453.338, 0.86, 0.3404, 0.86, 0.3265
resnet18_alldata,1658261453.88, 0.86, 0.3472, 0.84, 0.3556
resnet18_alldata,1658261454.422, 0.85, 0.3563, 0.88, 0.3198
resnet18_alldata,1658261454.968, 0.89, 0.2868, 0.86, 0.3208
resnet18_alldata,1658261455.521, 0.88, 0.3221, 0.86, 0.315
resnet18_alldata,1658261456.069, 0.9, 0.2723, 0.81, 0.3583
resnet18_alldata,1658261456.619, 0.9, 0.2706, 0.86, 0.3243
resnet18_alldata,1658261457.157, 0.9, 0.3151, 0.9, 0.2649
resnet18_alldata,1658261457.707, 0.95, 0.1928, 0.9, 0.2763
resnet18_alldata,1658261458.253, 0.89, 0.272, 0.86, 0.3427
resnet18_alldata,1658261458.797, 0.89, 0.274, 0.87, 0.3421
resnet18_alldata,1658261459.339, 0.93, 0.245, 0.88, 0.3028
resnet18_alldata,1658261459.89, 0.83, 0.3525, 0.92, 0.2275
resnet18_alldata,1658261460.435, 0.93, 0.2441, 0.86, 0.3248
resnet18_alldata,1658261460.982, 0.94, 0.2184, 0.89, 0.3062
resnet18_alldata,1658261461.533, 0.91, 0.2854, 0.91, 0.2911
resnet18_alldata,1658261462.083, 0.88, 0.3133, 0.87, 0.2975
resnet18_alldata,1658261462.633, 0.87, 0.3205, 0.93, 0.2511
resnet18_alldata,1658261463.179, 0.88, 0.3167, 0.92, 0.2527
resnet18_alldata,1658261463.724, 0.92, 0.2619, 0.94, 0.2329
resnet18_alldata,1658261464.269, 0.87, 0.2852, 0.9, 0.3087
resnet18_alldata,1658261464.817, 0.87, 0.3405, 0.92, 0.2628
resnet18_alldata,1658261465.359, 0.86, 0.3219, 0.9, 0.3338
resnet18_alldata,1658261465.9, 0.87, 0.3395, 0.95, 0.222
resnet18_alldata,1658261466.441, 0.84, 0.3985, 0.89, 0.2898
resnet18_alldata,1658261466.96, 0.87, 0.3591, 0.91, 0.2656
